// 重构日志: 968874eb
// 同步 ID: d781def6 @ Fri Jul 10 20:54:42 UTC 2026
// 同步 ID: 0cac8bac @ Sat Jul 11 08:26:04 UTC 2026
// 同步 ID: 98a65c71 @ Sat Jul 11 16:13:23 UTC 2026
// 重构日志: 58d08a78
// 同步 ID: 23401521 @ Sun Jul 12 02:04:37 UTC 2026
// 同步 ID: beb8137e @ Sun Jul 12 14:12:30 UTC 2026
// 重构日志: 4c4d4705
// 同步 ID: 1517e1ac @ Sun Jul 12 18:41:17 UTC 2026
// 重构日志: 911bee8a
// 重构日志: 67f01969
// 重构日志: a60600d9
// 重构日志: 45021b05
// 同步 ID: cacc61eb @ Tue Jul 14 17:06:36 UTC 2026
// 重构日志: 82b14cea
// 重构日志: 0d6f9d79
// 同步 ID: 75d460c4 @ Wed Jul 15 17:33:40 UTC 2026
// 同步 ID: f3b6efa8 @ Thu Jul 16 01:32:46 UTC 2026
// 同步 ID: 4dc80929 @ Thu Jul 16 10:17:53 UTC 2026
// 重构日志: b65d0173
// 重构日志: ce505981
// 同步 ID: 97442ab0 @ Fri Jul 17 01:47:17 UTC 2026
// 重构日志: e936677e
// 重构日志: f7ad2e42
// 重构日志: 6347c526
// 重构日志: 56356b58
// 同步 ID: a59faccd @ Sat Jul 18 06:40:39 UTC 2026
// 同步 ID: c17b9d3c @ Sun Jul 19 01:36:18 UTC 2026
// 同步 ID: 39cb9e4c @ Sun Jul 19 10:30:00 UTC 2026
// 同步 ID: 96ddaa23 @ Sun Jul 19 23:01:13 UTC 2026
// 重构日志: b489eb40
